{"total": {"lines":{"total":406,"covered":235,"skipped":0,"pct":57.88},"statements":{"total":443,"covered":253,"skipped":0,"pct":57.11},"functions":{"total":121,"covered":83,"skipped":0,"pct":68.59},"branches":{"total":156,"covered":70,"skipped":0,"pct":44.87},"branchesTrue":{"total":0,"covered":0,"skipped":0,"pct":100}}
,"C:\\yoin\\packages\\client\\src\\YoinClient.ts": {"lines":{"total":232,"covered":149,"skipped":0,"pct":64.22},"functions":{"total":60,"covered":53,"skipped":0,"pct":88.33},"statements":{"total":258,"covered":165,"skipped":0,"pct":63.95},"branches":{"total":86,"covered":37,"skipped":0,"pct":43.02}}
,"C:\\yoin\\packages\\client\\src\\index.ts": {"lines":{"total":0,"covered":0,"skipped":0,"pct":100},"functions":{"total":0,"covered":0,"skipped":0,"pct":100},"statements":{"total":0,"covered":0,"skipped":0,"pct":100},"branches":{"total":0,"covered":0,"skipped":0,"pct":100}}
,"C:\\yoin\\packages\\client\\src\\logger.ts": {"lines":{"total":4,"covered":4,"skipped":0,"pct":100},"functions":{"total":4,"covered":4,"skipped":0,"pct":100},"statements":{"total":4,"covered":4,"skipped":0,"pct":100},"branches":{"total":1,"covered":1,"skipped":0,"pct":100}}
,"C:\\yoin\\packages\\client\\src\\network.ts": {"lines":{"total":31,"covered":31,"skipped":0,"pct":100},"functions":{"total":10,"covered":9,"skipped":0,"pct":90},"statements":{"total":33,"covered":32,"skipped":0,"pct":96.96},"branches":{"total":10,"covered":9,"skipped":0,"pct":90}}
,"C:\\yoin\\packages\\client\\src\\plugin.ts": {"lines":{"total":0,"covered":0,"skipped":0,"pct":100},"functions":{"total":0,"covered":0,"skipped":0,"pct":100},"statements":{"total":0,"covered":0,"skipped":0,"pct":100},"branches":{"total":0,"covered":0,"skipped":0,"pct":100}}
,"C:\\yoin\\packages\\client\\src\\proxy.ts": {"lines":{"total":53,"covered":36,"skipped":0,"pct":67.92},"functions":{"total":14,"covered":10,"skipped":0,"pct":71.42},"statements":{"total":54,"covered":37,"skipped":0,"pct":68.51},"branches":{"total":33,"covered":17,"skipped":0,"pct":51.51}}
,"C:\\yoin\\packages\\client\\src\\storage.ts": {"lines":{"total":30,"covered":0,"skipped":0,"pct":0},"functions":{"total":14,"covered":0,"skipped":0,"pct":0},"statements":{"total":35,"covered":0,"skipped":0,"pct":0},"branches":{"total":6,"covered":0,"skipped":0,"pct":0}}
,"C:\\yoin\\packages\\client\\src\\types.ts": {"lines":{"total":0,"covered":0,"skipped":0,"pct":100},"functions":{"total":0,"covered":0,"skipped":0,"pct":100},"statements":{"total":0,"covered":0,"skipped":0,"pct":100},"branches":{"total":0,"covered":0,"skipped":0,"pct":100}}
,"C:\\yoin\\packages\\client\\src\\plugins\\db.ts": {"lines":{"total":33,"covered":0,"skipped":0,"pct":0},"functions":{"total":12,"covered":0,"skipped":0,"pct":0},"statements":{"total":36,"covered":0,"skipped":0,"pct":0},"branches":{"total":12,"covered":0,"skipped":0,"pct":0}}
,"C:\\yoin\\packages\\client\\src\\plugins\\index.ts": {"lines":{"total":0,"covered":0,"skipped":0,"pct":100},"functions":{"total":0,"covered":0,"skipped":0,"pct":100},"statements":{"total":0,"covered":0,"skipped":0,"pct":100},"branches":{"total":0,"covered":0,"skipped":0,"pct":100}}
,"C:\\yoin\\packages\\client\\src\\plugins\\undo.ts": {"lines":{"total":23,"covered":15,"skipped":0,"pct":65.21},"functions":{"total":7,"covered":7,"skipped":0,"pct":100},"statements":{"total":23,"covered":15,"skipped":0,"pct":65.21},"branches":{"total":8,"covered":6,"skipped":0,"pct":75}}
}
